2025-05-27 15:56:56.578 | INFO     | __main__:create_app:22 | 环境变量：dev
2025-05-27 15:57:33.850 | INFO     | __main__:create_app:22 | 环境变量：dev
2025-05-27 15:57:34.724 | INFO     | __main__:create_app:22 | 环境变量：dev
2025-05-27 15:58:22.750 | INFO     | __main__:create_app:22 | 环境变量：dev
2025-05-27 15:58:23.517 | INFO     | __main__:create_app:22 | 环境变量：test
2025-05-27 15:58:55.503 | INFO     | __main__:create_app:22 | 环境变量：dev
2025-05-27 15:58:56.343 | INFO     | __main__:create_app:22 | 环境变量：test
2025-05-27 15:59:35.045 | INFO     | __main__:create_app:22 | 环境变量：dev, 加载：<class 'core.config.system_config.DevelopmentConfig'>
2025-05-27 15:59:35.934 | INFO     | __main__:create_app:22 | 环境变量：test, 加载：<class 'core.config.system_config.TestingConfig'>
2025-05-27 16:00:45.823 | INFO     | __main__:create_app:22 | 环境变量：dev, 加载：<class 'core.config.system_config.DevelopmentConfig'>
2025-05-27 16:00:46.620 | INFO     | __main__:create_app:22 | 环境变量：test, 加载：<class 'core.config.system_config.TestingConfig'>
2025-05-27 16:01:34.125 | INFO     | __main__:create_app:22 | 环境变量：dev
2025-05-27 16:01:34.996 | INFO     | __main__:create_app:22 | 环境变量：test
2025-05-27 16:02:04.269 | INFO     | __main__:create_app:21 | 环境变量：None
2025-05-27 16:02:58.791 | INFO     | __main__:create_app:21 | 环境变量：dev
2025-05-27 16:02:59.570 | INFO     | __main__:create_app:21 | 环境变量：test
2025-05-27 16:03:25.380 | INFO     | __main__:create_app:21 | 环境变量：test
2025-05-27 16:03:29.838 | INFO     | __main__:create_app:21 | 环境变量：None
2025-05-27 16:04:25.126 | INFO     | __main__:create_app:21 | 环境变量：None
2025-05-27 16:04:59.049 | INFO     | __main__:create_app:23 | 环境变量：test
2025-05-27 16:04:59.817 | INFO     | __main__:create_app:23 | 环境变量：test
2025-05-27 16:05:11.740 | INFO     | __main__:create_app:23 | 环境变量：dev
2025-05-27 16:05:12.528 | INFO     | __main__:create_app:23 | 环境变量：dev
2025-05-27 16:05:28.187 | INFO     | __main__:create_app:23 | 当前环境：dev
2025-05-27 16:07:53.657 | INFO     | __main__:log_request_info:60 | Headers: User-Agent: Apifox/1.0.0 (https://apifox.com)
Accept: */*
Host: 127.0.0.1:5001
Accept-Encoding: gzip, deflate, br
Connection: keep-alive


2025-05-27 16:07:53.657 | INFO     | __main__:log_request_info:61 | Body: b''
2025-05-27 16:07:53.665 | INFO     | __main__:log_request_info:60 | Headers: User-Agent: Apifox/1.0.0 (https://apifox.com)
Accept: */*
Accept-Encoding: gzip, deflate, br
Connection: keep-alive
Referer: http://127.0.0.1:5001/api/v1/users
Host: 127.0.0.1:5001


2025-05-27 16:07:53.665 | INFO     | __main__:log_request_info:61 | Body: b''
2025-05-27 16:23:29.122 | INFO     | __main__:create_app:23 | 当前环境：dev
2025-05-27 16:23:29.995 | INFO     | __main__:create_app:23 | 当前环境：dev
2025-05-27 17:36:24.974 | INFO     | __main__:create_app:23 | 当前环境：dev
2025-05-27 17:36:25.789 | INFO     | __main__:create_app:23 | 当前环境：dev
